2018-04-26T17:04:31.8067872+03:00;Thread#1;Info;Discovering target: Default
2018-04-26T17:04:31.8079204+03:00;Thread#1;Info;Discovering tests from assembly: D:\GIT\SpecFlowTest\SpecFlow\bin\Debug\SpecFlow.dll
Appdomain Disposed
Test Suite Dump
#0: SpecFlow/Default - 
#1: Default - 
#2: SpecFlow - 
#3: Test2 - 
#5: Test1 - 
#9: Test3 - 
#4: Test2 - TestAssembly:SpecFlow/Feature:Test2/Scenario:Test2
#6: Test1_1 - TestAssembly:SpecFlow/Feature:Test1/Scenario:Test1_1
#7: Test1_2 - TestAssembly:SpecFlow/Feature:Test1/Scenario:Test1_2
#8: Test1_3 - TestAssembly:SpecFlow/Feature:Test1/Scenario:Test1_3
#10: Test3 - TestAssembly:SpecFlow/Feature:Test3/Scenario:Test3
End: Test Suite Dump
Thread#0:Scheduler: get next test for thread 0
Thread#:Scheduler: testitem #4 from normal test queue 
Thread#0:Scheduler: considering testitem #4 for thread 0
Thread#0:TestItem#4:testItemMatchesCurrentTestThread:UnSpecific
Thread#0:TestItem#4:runsOnOneOtherThreadSpecific:False
Thread#0:TestItem#4:runsOnOneOtherThreadUnspecific:True
Thread#0:Scheduler: using testitem #4 for thread 0
Thread#0:Scheduler: Test #4 is scheduled for thread
Thread#0:Scheduler: with testItemExecutionIndex 0
Thread#1:Scheduler: get next test for thread 1
Thread#:Scheduler: testitem #6 from normal test queue 
Thread#1:Scheduler: considering testitem #6 for thread 1
Thread#1:TestItem#6:testItemMatchesCurrentTestThread:UnSpecific
Thread#1:TestItem#6:runsOnOneOtherThreadSpecific:False
Thread#1:TestItem#6:runsOnOneOtherThreadUnspecific:True
Thread#1:Scheduler: using testitem #6 for thread 1
Thread#1:Scheduler: Test #6 is scheduled for thread
Thread#1:Scheduler: with testItemExecutionIndex 0
Thread#3:Scheduler: get next test for thread 3
Thread#:Scheduler: testitem #7 from normal test queue 
Thread#3:Scheduler: considering testitem #7 for thread 3
Thread#3:TestItem#7:testItemMatchesCurrentTestThread:UnSpecific
Thread#3:TestItem#7:runsOnOneOtherThreadSpecific:False
Thread#3:TestItem#7:runsOnOneOtherThreadUnspecific:True
Thread#3:Scheduler: using testitem #7 for thread 3
Thread#3:Scheduler: Test #7 is scheduled for thread
Thread#3:Scheduler: with testItemExecutionIndex 0
Thread#2:Scheduler: get next test for thread 2
Thread#:Scheduler: testitem #8 from normal test queue 
Thread#2:Scheduler: considering testitem #8 for thread 2
Thread#2:TestItem#8:testItemMatchesCurrentTestThread:UnSpecific
Thread#2:TestItem#8:runsOnOneOtherThreadSpecific:False
Thread#2:TestItem#8:runsOnOneOtherThreadUnspecific:True
Thread#2:Scheduler: using testitem #8 for thread 2
Thread#2:Scheduler: Test #8 is scheduled for thread
Thread#2:Scheduler: with testItemExecutionIndex 0
Thread#6:Scheduler: get next test for thread 6
Thread#:Scheduler: testitem #10 from normal test queue 
Thread#6:Scheduler: considering testitem #10 for thread 6
Thread#6:TestItem#10:testItemMatchesCurrentTestThread:UnSpecific
Thread#6:TestItem#10:runsOnOneOtherThreadSpecific:False
Thread#6:TestItem#10:runsOnOneOtherThreadUnspecific:True
Thread#6:Scheduler: using testitem #10 for thread 6
Thread#6:Scheduler: Test #10 is scheduled for thread
Thread#6:Scheduler: with testItemExecutionIndex 0
Thread #6: creating new test thread executor for SpecFlow, Version=1.0.0.0, Culture=neutral, PublicKeyToken=null (target: Default)
Thread #0: creating new test thread executor for SpecFlow, Version=1.0.0.0, Culture=neutral, PublicKeyToken=null (target: Default)
Thread#7:Scheduler: get next test for thread 7
Thread#:Scheduler: at the end of normal test queue
Thread#7:Scheduler: enumerator for thread is at end
Thread#7:Scheduler: No more tests for thread
Thread #1: creating new test thread executor for SpecFlow, Version=1.0.0.0, Culture=neutral, PublicKeyToken=null (target: Default)
Thread #3: creating new test thread executor for SpecFlow, Version=1.0.0.0, Culture=neutral, PublicKeyToken=null (target: Default)
Thread #2: creating new test thread executor for SpecFlow, Version=1.0.0.0, Culture=neutral, PublicKeyToken=null (target: Default)
Thread#5:Scheduler: get next test for thread 5
Thread#:Scheduler: at the end of normal test queue
Thread#5:Scheduler: enumerator for thread is at end
Thread#5:Scheduler: No more tests for thread
Thread#4:Scheduler: get next test for thread 4
Thread#:Scheduler: at the end of normal test queue
Thread#4:Scheduler: enumerator for thread is at end
Thread#4:Scheduler: No more tests for thread
Thread#8:Scheduler: get next test for thread 8
Thread#:Scheduler: at the end of normal test queue
Thread#8:Scheduler: enumerator for thread is at end
Thread#8:Scheduler: No more tests for thread
Loading SpecRun type 'TechTalk.SpecRun.Framework.TestAssemblyExecutor' from: D:\GIT\SpecFlowTest\packages\SpecRun.Runner.1.7.1\tools\TechTalk.SpecRun.Framework.Executor.dll
Loading SpecRun type 'TechTalk.SpecRun.Framework.TestAssemblyExecutor' from: D:\GIT\SpecFlowTest\packages\SpecRun.Runner.1.7.1\tools\TechTalk.SpecRun.Framework.Executor.dll
Loading SpecRun type 'TechTalk.SpecRun.Framework.TestAssemblyExecutor' from: D:\GIT\SpecFlowTest\packages\SpecRun.Runner.1.7.1\tools\TechTalk.SpecRun.Framework.Executor.dll
Loading SpecRun type 'TechTalk.SpecRun.Framework.TestAssemblyExecutor' from: D:\GIT\SpecFlowTest\packages\SpecRun.Runner.1.7.1\tools\TechTalk.SpecRun.Framework.Executor.dll
Thread#9:Scheduler: get next test for thread 9
Thread#:Scheduler: at the end of normal test queue
Thread#9:Scheduler: enumerator for thread is at end
Thread#9:Scheduler: No more tests for thread
Loading SpecRun type 'TechTalk.SpecRun.Framework.TestAssemblyExecutor' from: D:\GIT\SpecFlowTest\packages\SpecRun.Runner.1.7.1\tools\TechTalk.SpecRun.Framework.Executor.dll
Thread#2: Test #8/0 is started on thread #2
Thread#6: Test #10/0 is started on thread #6
Thread#0: Test #4/0 is started on thread #0
Thread#1: Test #6/0 is started on thread #1
Thread#3: Test #7/0 is started on thread #3
Thread#6:T:-> Using app.config
Thread#0:T:-> Using app.config
Thread#3:T:-> Using app.config
Thread#1:T:-> Using app.config
Thread#2:T:-> Using app.config
Thread#3:B:When I run Test one
Thread#2:B:When I run Test one
Thread#6:B:When I run Test three
Thread#0:B:When I run Test two
Thread#1:B:When I run Test one
Thread#1:T:constant 1
Thread#3:T:constant 1
Thread#2:T:constant 1
Thread#0:T:constant 2
Thread#6:T:constant 3
Thread#6:T:new3 3
Thread#6:T:FeatureContext_3
Thread#6:T:done: Test3Steps.WhenIRunTestThree() (3.0s)
Thread#6:Scheduler: get next test for thread 6
Thread#:Scheduler: at the end of normal test queue
Thread#6:Scheduler: enumerator for thread is at end
Thread#6:Scheduler: No more tests for thread
Thread#6: Test #10/0 is finished on thread #6 as Succeeded within 3.9106582 seconds
Appdomain Disposed
Thread#0:T:new2 2
Thread#0:T:FeatureContext_2
Thread#0:T:done: Test2Steps.WhenIRunTestTwo() (5.0s)
Thread#0:Scheduler: get next test for thread 0
Thread#:Scheduler: at the end of normal test queue
Thread#0:Scheduler: enumerator for thread is at end
Thread#0:Scheduler: No more tests for thread
Thread#0: Test #4/0 is finished on thread #0 as Succeeded within 5.833483 seconds
Appdomain Disposed
Thread#2:T:constant 1
Thread#1:T:constant 1
Thread#3:T:constant 1
Thread#2:T:done: Test1Steps.WhenIRunTestOne() (7.0s)
Thread#1:T:done: Test1Steps.WhenIRunTestOne() (7.0s)
Thread#3:T:done: Test1Steps.WhenIRunTestOne() (7.0s)
Thread#2:Scheduler: get next test for thread 2
Thread#:Scheduler: at the end of normal test queue
Thread#2:Scheduler: enumerator for thread is at end
Thread#2:Scheduler: No more tests for thread
Thread#1:Scheduler: get next test for thread 1
Thread#:Scheduler: at the end of normal test queue
Thread#1:Scheduler: enumerator for thread is at end
Thread#1:Scheduler: No more tests for thread
Thread#3:Scheduler: get next test for thread 3
Thread#:Scheduler: at the end of normal test queue
Thread#3:Scheduler: enumerator for thread is at end
Thread#3:Scheduler: No more tests for thread
Thread#2: Test #8/0 is finished on thread #2 as Succeeded within 7.8231808 seconds
Thread#3: Test #7/0 is finished on thread #3 as Succeeded within 7.8041306 seconds
Thread#1: Test #6/0 is finished on thread #1 as Succeeded within 7.8207085 seconds
Appdomain Disposed
Appdomain Disposed
Appdomain Disposed
Thread#-1:Scheduler: get next test for thread -1
Thread#:Scheduler: at the end of normal test queue
Thread#-1:Scheduler: enumerator for thread is at end
Total: 5
Succeeded: 5
Ignored: 0
Pending: 0
Skipped: 0
Failed: 0
